#
# There is insufficient memory for the Java Runtime Environment to continue.
# Native memory allocation (malloc) failed to allocate 32744 bytes for ChunkPool::allocate
# Possible reasons:
#   The system is out of physical RAM or swap space
#   In 32 bit mode, the process size limit was hit
# Possible solutions:
#   Reduce memory load on the system
#   Increase physical memory or swap space
#   Check if swap backing store is full
#   Use 64 bit Java on a 64 bit OS
#   Decrease Java heap size (-Xmx/-Xms)
#   Decrease number of Java threads
#   Decrease Java thread stack sizes (-Xss)
#   Set larger code cache with -XX:ReservedCodeCacheSize=
# This output file may be truncated or incomplete.
#
#  Out of Memory Error (allocation.cpp:273), pid=27016, tid=4664
#
# JRE version: Java(TM) SE Runtime Environment (8.0_65-b17) (build 1.8.0_65-b17)
# Java VM: Java HotSpot(TM) 64-Bit Server VM (25.65-b01 mixed mode windows-amd64 compressed oops)
# Failed to write core dump. Minidumps are not enabled by default on client versions of Windows
#

---------------  T H R E A D  ---------------

Current thread (0x000000001f7cc800):  JavaThread "C2 CompilerThread2" daemon [_thread_in_native, id=4664, stack(0x0000000020170000,0x0000000020270000)]

Stack: [0x0000000020170000,0x0000000020270000]
[error occurred during error reporting (printing stack bounds), id 0xc0000005]

Native frames: (J=compiled Java code, j=interpreted, Vv=VM code, C=native code)


Current CompileTask:
C2:  35040 6597       4       sun.reflect.generics.parser.SignatureParser::parseTypeSignature (130 bytes)


---------------  P R O C E S S  ---------------

Java Threads: ( => current thread )
  0x000000002aae0800 JavaThread "http-nio-8081-exec-7" daemon [_thread_blocked, id=18100, stack(0x000000002e0e0000,0x000000002e1e0000)]
  0x000000002aad8000 JavaThread "http-nio-8081-exec-6" daemon [_thread_blocked, id=24064, stack(0x000000002dfe0000,0x000000002e0e0000)]
  0x000000002aadf000 JavaThread "http-nio-8081-exec-5" daemon [_thread_blocked, id=23536, stack(0x000000002dee0000,0x000000002dfe0000)]
  0x000000002aad7800 JavaThread "http-nio-8081-exec-4" daemon [_thread_blocked, id=10244, stack(0x000000002dde0000,0x000000002dee0000)]
  0x000000002aadc800 JavaThread "http-nio-8081-exec-3" daemon [_thread_blocked, id=4648, stack(0x000000002dce0000,0x000000002dde0000)]
  0x000000002aadc000 JavaThread "http-nio-8081-exec-2" daemon [_thread_blocked, id=10340, stack(0x000000002dbe0000,0x000000002dce0000)]
  0x000000002aada800 JavaThread "http-nio-8081-exec-1" daemon [_thread_blocked, id=24088, stack(0x000000002caf0000,0x000000002cbf0000)]
  0x000000002aadb000 JavaThread "DestroyJavaVM" [_thread_blocked, id=24280, stack(0x0000000002ee0000,0x0000000002fe0000)]
  0x000000002aad9000 JavaThread "http-nio-8081-AsyncTimeout" daemon [_thread_blocked, id=4116, stack(0x000000002c5e0000,0x000000002c6e0000)]
  0x00000000229ed000 JavaThread "http-nio-8081-Acceptor-0" daemon [_thread_in_native, id=17604, stack(0x000000002c4e0000,0x000000002c5e0000)]
  0x00000000229ee000 JavaThread "http-nio-8081-ClientPoller-1" daemon [_thread_in_native, id=10824, stack(0x000000002c3e0000,0x000000002c4e0000)]
  0x00000000229ee800 JavaThread "http-nio-8081-ClientPoller-0" daemon [_thread_in_native, id=15712, stack(0x000000002bb30000,0x000000002bc30000)]
  0x00000000229eb800 JavaThread "NioBlockingSelector.BlockPoller-1" daemon [_thread_in_native, id=24288, stack(0x000000002b630000,0x000000002b730000)]
  0x00000000229ea800 JavaThread "Abandoned connection cleanup thread" daemon [_thread_blocked, id=17560, stack(0x0000000028f10000,0x0000000029010000)]
  0x00000000229ec000 JavaThread "Tomcat JDBC Pool Cleaner[349885916:1490021144466]" daemon [_thread_blocked, id=17676, stack(0x0000000028e10000,0x0000000028f10000)]
  0x00000000229f1000 JavaThread "container-0" [_thread_blocked, id=908, stack(0x0000000028a20000,0x0000000028b20000)]
  0x00000000229f0000 JavaThread "ContainerBackgroundProcessor[StandardEngine[Tomcat]]" daemon [_thread_blocked, id=26712, stack(0x0000000027880000,0x0000000027980000)]
  0x000000001f9ef800 JavaThread "Service Thread" daemon [_thread_blocked, id=21808, stack(0x0000000020370000,0x0000000020470000)]
  0x000000001f7cd000 JavaThread "C1 CompilerThread3" daemon [_thread_blocked, id=10800, stack(0x0000000020270000,0x0000000020370000)]
=>0x000000001f7cc800 JavaThread "C2 CompilerThread2" daemon [_thread_in_native, id=4664, stack(0x0000000020170000,0x0000000020270000)]
  0x000000001f225800 JavaThread "C2 CompilerThread1" daemon [_thread_blocked, id=8440, stack(0x0000000020070000,0x0000000020170000)]
  0x000000001f954000 JavaThread "C2 CompilerThread0" daemon [_thread_blocked, id=27020, stack(0x000000001ff70000,0x0000000020070000)]
  0x000000001eec1000 JavaThread "JDWP Command Reader" daemon [_thread_in_native, id=20996, stack(0x000000001f670000,0x000000001f770000)]
  0x000000001eebe000 JavaThread "JDWP Event Helper Thread" daemon [_thread_blocked, id=17584, stack(0x000000001f570000,0x000000001f670000)]
  0x000000001eebb800 JavaThread "JDWP Transport Listener: dt_socket" daemon [_thread_blocked, id=20904, stack(0x000000001f470000,0x000000001f570000)]
  0x000000001eea2800 JavaThread "Attach Listener" daemon [_thread_blocked, id=15852, stack(0x000000001f370000,0x000000001f470000)]
  0x000000001eea1800 JavaThread "Signal Dispatcher" daemon [_thread_blocked, id=21048, stack(0x000000001f270000,0x000000001f370000)]
  0x000000001cdb4800 JavaThread "Finalizer" daemon [_thread_blocked, id=6724, stack(0x000000001ec80000,0x000000001ed80000)]
  0x000000001cdac800 JavaThread "Reference Handler" daemon [_thread_blocked, id=584, stack(0x000000001eb80000,0x000000001ec80000)]

Other Threads:
  0x000000001cda8800 VMThread [stack: 0x000000001ea80000,0x000000001eb80000] [id=24080]
  0x000000001faf1000 WatcherThread [stack: 0x0000000020470000,0x0000000020570000] [id=27924]

VM state:not at safepoint (normal execution)

VM Mutex/Monitor currently owned by a thread: None

Heap:
 PSYoungGen      total 361472K, used 13299K [0x000000076ae00000, 0x0000000784c00000, 0x00000007c0000000)
  eden space 342528K, 3% used [0x000000076ae00000,0x000000076bafcd30,0x000000077fc80000)
  from space 18944K, 0% used [0x000000077fc80000,0x000000077fc80000,0x0000000780f00000)
  to   space 23040K, 0% used [0x0000000783580000,0x0000000783580000,0x0000000784c00000)
 ParOldGen       total 212992K, used 37609K [0x00000006c0a00000, 0x00000006cda00000, 0x000000076ae00000)
  object space 212992K, 17% used [0x00000006c0a00000,0x00000006c2eba788,0x00000006cda00000)
 Metaspace       used 58423K, capacity 59224K, committed 59672K, reserved 1101824K
  class space    used 7416K, capacity 7576K, committed 7600K, reserved 1048576K

Card table byte_map: [0x00000000126b0000,0x0000000012eb0000] byte_map_base: 0x000000000f0ab000

Marking Bits: (ParMarkBitMap*) 0x00000000662aa5b0
 Begin Bits: [0x0000000013c10000, 0x0000000017be8000)
 End Bits:   [0x0000000017be8000, 0x000000001bbc0000)

Polling page: 0x0000000002e40000

CodeCache: size=245760Kb used=20489Kb max_used=22085Kb free=225270Kb
 bounds [0x00000000032f0000, 0x00000000048d0000, 0x00000000122f0000]
 total_blobs=6136 nmethods=5574 adapters=482
 compilation: enabled

Compilation events (10 events):
Event: 34.761 Thread 0x000000001f7cd000 6604       3       java.io.FileInputStream::access$000 (5 bytes)
Event: 34.761 Thread 0x000000001f7cd000 nmethod 6604 0x00000000041dd750 code [0x00000000041dd8c0, 0x00000000041dda48]
Event: 34.761 Thread 0x000000001f7cd000 6605       3       org.apache.tomcat.util.buf.ByteChunk::setBytes (31 bytes)
Event: 34.761 Thread 0x000000001f7cd000 nmethod 6605 0x00000000041dd3d0 code [0x00000000041dd520, 0x00000000041dd6b0]
Event: 34.761 Thread 0x000000001f7cd000 6606       1       org.apache.catalina.core.ContainerBase::getParent (5 bytes)
Event: 34.762 Thread 0x000000001f7cd000 nmethod 6606 0x00000000041dd110 code [0x00000000041dd260, 0x00000000041dd370]
Event: 34.767 Thread 0x000000001f225800 nmethod 6599 0x0000000004073710 code [0x0000000004073880, 0x0000000004073e58]
Event: 34.767 Thread 0x000000001f225800 6600       4       org.springframework.core.MethodClassKey::equals (55 bytes)
Event: 34.771 Thread 0x000000001f225800 nmethod 6600 0x0000000003f02c90 code [0x0000000003f02de0, 0x0000000003f03158]
Event: 34.774 Thread 0x000000001f954000 nmethod 6595 0x0000000003661890 code [0x0000000003661ae0, 0x00000000036632c0]

GC Heap History (10 events):
Event: 4.433 GC heap before
{Heap before GC invocations=8 (full 1):
 PSYoungGen      total 226304K, used 119421K [0x000000076ae00000, 0x0000000779f00000, 0x00000007c0000000)
  eden space 216576K, 50% used [0x000000076ae00000,0x0000000771971a40,0x0000000778180000)
  from space 9728K, 96% used [0x0000000779580000,0x0000000779eadb48,0x0000000779f00000)
  to   space 14336K, 0% used [0x0000000778300000,0x0000000778300000,0x0000000779100000)
 ParOldGen       total 95744K, used 10014K [0x00000006c0a00000, 0x00000006c6780000, 0x000000076ae00000)
  object space 95744K, 10% used [0x00000006c0a00000,0x00000006c13c79d8,0x00000006c6780000)
 Metaspace       used 34728K, capacity 35100K, committed 35496K, reserved 1081344K
  class space    used 4181K, capacity 4282K, committed 4400K, reserved 1048576K
Event: 4.443 GC heap after
Heap after GC invocations=8 (full 1):
 PSYoungGen      total 232448K, used 13293K [0x000000076ae00000, 0x0000000782180000, 0x00000007c0000000)
  eden space 218112K, 0% used [0x000000076ae00000,0x000000076ae00000,0x0000000778300000)
  from space 14336K, 92% used [0x0000000778300000,0x0000000778ffb428,0x0000000779100000)
  to   space 15360K, 0% used [0x0000000781280000,0x0000000781280000,0x0000000782180000)
 ParOldGen       total 95744K, used 10022K [0x00000006c0a00000, 0x00000006c6780000, 0x000000076ae00000)
  object space 95744K, 10% used [0x00000006c0a00000,0x00000006c13c99d8,0x00000006c6780000)
 Metaspace       used 34728K, capacity 35100K, committed 35496K, reserved 1081344K
  class space    used 4181K, capacity 4282K, committed 4400K, reserved 1048576K
}
Event: 4.443 GC heap before
{Heap before GC invocations=9 (full 2):
 PSYoungGen      total 232448K, used 13293K [0x000000076ae00000, 0x0000000782180000, 0x00000007c0000000)
  eden space 218112K, 0% used [0x000000076ae00000,0x000000076ae00000,0x0000000778300000)
  from space 14336K, 92% used [0x0000000778300000,0x0000000778ffb428,0x0000000779100000)
  to   space 15360K, 0% used [0x0000000781280000,0x0000000781280000,0x0000000782180000)
 ParOldGen       total 95744K, used 10022K [0x00000006c0a00000, 0x00000006c6780000, 0x000000076ae00000)
  object space 95744K, 10% used [0x00000006c0a00000,0x00000006c13c99d8,0x00000006c6780000)
 Metaspace       used 34728K, capacity 35100K, committed 35496K, reserved 1081344K
  class space    used 4181K, capacity 4282K, committed 4400K, reserved 1048576K
Event: 4.535 GC heap after
Heap after GC invocations=9 (full 2):
 PSYoungGen      total 232448K, used 0K [0x000000076ae00000, 0x0000000782180000, 0x00000007c0000000)
  eden space 218112K, 0% used [0x000000076ae00000,0x000000076ae00000,0x0000000778300000)
  from space 14336K, 0% used [0x0000000778300000,0x0000000778300000,0x0000000779100000)
  to   space 15360K, 0% used [0x0000000781280000,0x0000000781280000,0x0000000782180000)
 ParOldGen       total 152064K, used 22356K [0x00000006c0a00000, 0x00000006c9e80000, 0x000000076ae00000)
  object space 152064K, 14% used [0x00000006c0a00000,0x00000006c1fd50d0,0x00000006c9e80000)
 Metaspace       used 34728K, capacity 35100K, committed 35496K, reserved 1081344K
  class space    used 4181K, capacity 4282K, committed 4400K, reserved 1048576K
}
Event: 6.874 GC heap before
{Heap before GC invocations=10 (full 2):
 PSYoungGen      total 232448K, used 218112K [0x000000076ae00000, 0x0000000782180000, 0x00000007c0000000)
  eden space 218112K, 100% used [0x000000076ae00000,0x0000000778300000,0x0000000778300000)
  from space 14336K, 0% used [0x0000000778300000,0x0000000778300000,0x0000000779100000)
  to   space 15360K, 0% used [0x0000000781280000,0x0000000781280000,0x0000000782180000)
 ParOldGen       total 152064K, used 22356K [0x00000006c0a00000, 0x00000006c9e80000, 0x000000076ae00000)
  object space 152064K, 14% used [0x00000006c0a00000,0x00000006c1fd50d0,0x00000006c9e80000)
 Metaspace       used 49601K, capacity 50196K, committed 50736K, reserved 1093632K
  class space    used 6297K, capacity 6430K, committed 6448K, reserved 1048576K
Event: 6.891 GC heap after
Heap after GC invocations=10 (full 2):
 PSYoungGen      total 326144K, used 15331K [0x000000076ae00000, 0x0000000782180000, 0x00000007c0000000)
  eden space 310784K, 0% used [0x000000076ae00000,0x000000076ae00000,0x000000077dd80000)
  from space 15360K, 99% used [0x0000000781280000,0x0000000782178df8,0x0000000782180000)
  to   space 18944K, 0% used [0x000000077fc80000,0x000000077fc80000,0x0000000780f00000)
 ParOldGen       total 152064K, used 26947K [0x00000006c0a00000, 0x00000006c9e80000, 0x000000076ae00000)
  object space 152064K, 17% used [0x00000006c0a00000,0x00000006c2450d00,0x00000006c9e80000)
 Metaspace       used 49601K, capacity 50196K, committed 50736K, reserved 1093632K
  class space    used 6297K, capacity 6430K, committed 6448K, reserved 1048576K
}
Event: 32.648 GC heap before
{Heap before GC invocations=11 (full 2):
 PSYoungGen      total 326144K, used 300244K [0x000000076ae00000, 0x0000000782180000, 0x00000007c0000000)
  eden space 310784K, 91% used [0x000000076ae00000,0x000000077c43c248,0x000000077dd80000)
  from space 15360K, 99% used [0x0000000781280000,0x0000000782178df8,0x0000000782180000)
  to   space 18944K, 0% used [0x000000077fc80000,0x000000077fc80000,0x0000000780f00000)
 ParOldGen       total 152064K, used 26947K [0x00000006c0a00000, 0x00000006c9e80000, 0x000000076ae00000)
  object space 152064K, 17% used [0x00000006c0a00000,0x00000006c2450d00,0x00000006c9e80000)
 Metaspace       used 58100K, capacity 58860K, committed 59160K, reserved 1101824K
  class space    used 7370K, capacity 7542K, committed 7600K, reserved 1048576K
Event: 32.664 GC heap after
Heap after GC invocations=11 (full 2):
 PSYoungGen      total 361472K, used 18929K [0x000000076ae00000, 0x0000000784c00000, 0x00000007c0000000)
  eden space 342528K, 0% used [0x000000076ae00000,0x000000076ae00000,0x000000077fc80000)
  from space 18944K, 99% used [0x000000077fc80000,0x0000000780efc660,0x0000000780f00000)
  to   space 23040K, 0% used [0x0000000783580000,0x0000000783580000,0x0000000784c00000)
 ParOldGen       total 152064K, used 31262K [0x00000006c0a00000, 0x00000006c9e80000, 0x000000076ae00000)
  object space 152064K, 20% used [0x00000006c0a00000,0x00000006c2887a98,0x00000006c9e80000)
 Metaspace       used 58100K, capacity 58860K, committed 59160K, reserved 1101824K
  class space    used 7370K, capacity 7542K, committed 7600K, reserved 1048576K
}
Event: 32.664 GC heap before
{Heap before GC invocations=12 (full 3):
 PSYoungGen      total 361472K, used 18929K [0x000000076ae00000, 0x0000000784c00000, 0x00000007c0000000)
  eden space 342528K, 0% used [0x000000076ae00000,0x000000076ae00000,0x000000077fc80000)
  from space 18944K, 99% used [0x000000077fc80000,0x0000000780efc660,0x0000000780f00000)
  to   space 23040K, 0% used [0x0000000783580000,0x0000000783580000,0x0000000784c00000)
 ParOldGen       total 152064K, used 31262K [0x00000006c0a00000, 0x00000006c9e80000, 0x000000076ae00000)
  object space 152064K, 20% used [0x00000006c0a00000,0x00000006c2887a98,0x00000006c9e80000)
 Metaspace       used 58100K, capacity 58860K, committed 59160K, reserved 1101824K
  class space    used 7370K, capacity 7542K, committed 7600K, reserved 1048576K
Event: 32.806 GC heap after
Heap after GC invocations=12 (full 3):
 PSYoungGen      total 361472K, used 0K [0x000000076ae00000, 0x0000000784c00000, 0x00000007c0000000)
  eden space 342528K, 0% used [0x000000076ae00000,0x000000076ae00000,0x000000077fc80000)
  from space 18944K, 0% used [0x000000077fc80000,0x000000077fc80000,0x0000000780f00000)
  to   space 23040K, 0% used [0x0000000783580000,0x0000000783580000,0x0000000784c00000)
 ParOldGen       total 212992K, used 37609K [0x00000006c0a00000, 0x00000006cda00000, 0x000000076ae00000)
  object space 212992K, 17% used [0x00000006c0a00000,0x00000006c2eba788,0x00000006cda00000)
 Metaspace       used 58100K, capacity 58860K, committed 59160K, reserved 1101824K
  class space    used 7370K, capacity 7542K, committed 7600K, reserved 1048576K
}

Deoptimization events (10 events):
Event: 31.880 Thread 0x000000002aada800 Uncommon trap: reason=class_check action=maybe_recompile pc=0x0000000003fbcf4c method=sun.nio.cs.ThreadLocalCoders$2.hasName(Ljava/lang/Object;Ljava/lang/Object;)Z @ 23
Event: 31.881 Thread 0x000000002aada800 Uncommon trap: reason=class_check action=maybe_recompile pc=0x0000000003fbcf4c method=sun.nio.cs.ThreadLocalCoders$2.hasName(Ljava/lang/Object;Ljava/lang/Object;)Z @ 23
Event: 31.881 Thread 0x000000002aada800 Uncommon trap: reason=class_check action=maybe_recompile pc=0x0000000003fbcf4c method=sun.nio.cs.ThreadLocalCoders$2.hasName(Ljava/lang/Object;Ljava/lang/Object;)Z @ 23
Event: 31.881 Thread 0x000000002aada800 Uncommon trap: reason=class_check action=maybe_recompile pc=0x0000000003fbcf4c method=sun.nio.cs.ThreadLocalCoders$2.hasName(Ljava/lang/Object;Ljava/lang/Object;)Z @ 23
Event: 31.978 Thread 0x000000002aada800 Uncommon trap: reason=unstable_if action=reinterpret pc=0x0000000003415764 method=org.unbescape.html.HtmlEscapeSymbols.<init>(Lorg/unbescape/html/HtmlEscapeSymbols$References;[B)V @ 423
Event: 32.009 Thread 0x000000002aada800 Uncommon trap: reason=unstable_if action=reinterpret pc=0x0000000003f14b94 method=org.unbescape.html.HtmlEscapeSymbols.<init>(Lorg/unbescape/html/HtmlEscapeSymbols$References;[B)V @ 337
Event: 32.010 Thread 0x000000002aada800 Uncommon trap: reason=class_check action=maybe_recompile pc=0x000000000463e104 method=java.lang.Character.isWhitespace(I)Z @ 5
Event: 32.010 Thread 0x000000002aada800 Uncommon trap: reason=class_check action=maybe_recompile pc=0x000000000463e104 method=java.lang.Character.isWhitespace(I)Z @ 5
Event: 32.010 Thread 0x000000002aada800 Uncommon trap: reason=class_check action=maybe_recompile pc=0x0000000004647f68 method=java.lang.Character.isWhitespace(I)Z @ 5
Event: 32.020 Thread 0x000000002aada800 Uncommon trap: reason=unstable_if action=reinterpret pc=0x0000000003e9ad80 method=java.nio.Buffer.limit(I)Ljava/nio/Buffer; @ 33

Internal exceptions (10 events):
Event: 31.639 Thread 0x000000002aada800 Exception <a 'java/lang/ClassNotFoundException': org/thymeleaf/spring5/view/ThymeleafViewCustomizer> (0x00000007795808c8) thrown at [C:\workspace\8-2-build-windows-amd64-cygwin\jdk8u65\4987\hotspot\src\share\vm\classfile\systemDictionary.cpp, line 210]
Event: 31.640 Thread 0x000000002aada800 Exception <a 'java/lang/ClassNotFoundException': org/springframework/web/servlet/ViewCustomizer> (0x00000007795ac218) thrown at [C:\workspace\8-2-build-windows-amd64-cygwin\jdk8u65\4987\hotspot\src\share\vm\classfile\systemDictionary.cpp, line 210]
Event: 31.641 Thread 0x000000002aada800 Exception <a 'java/lang/ClassNotFoundException': org/springframework/beans/factory/BeanNameAwareCustomizer> (0x00000007795d07e8) thrown at [C:\workspace\8-2-build-windows-amd64-cygwin\jdk8u65\4987\hotspot\src\share\vm\classfile\systemDictionary.cpp, line 2°êÈ+§?@
Event: 31.641 Thread 0x000000002aada800 Exception <a 'java/lang/ClassNotFoundException': org/springframework/web/context/ServletContextAwareCustomizer> (0x00000007795f6418) thrown at [C:\workspace\8-2-build-windows-amd64-cygwin\jdk8u65\4987\hotspot\src\share\vm\classfile\systemDictionary.cpp, liUÇ®¿S§?@
Event: 31.642 Thread 0x000000002aada800 Exception <a 'java/lang/ClassNotFoundException': org/springframework/context/ApplicationContextAwareCustomizer> (0x000000077961bef0) thrown at [C:\workspace\8-2-build-windows-amd64-cygwin\jdk8u65\4987\hotspot\src\share\vm\classfile\systemDictionary.cpp, li{=Xkû[A@
Event: 34.716 Thread 0x000000002aad8000 Exception <a 'java/lang/ClassNotFoundException': java/lang/ObjectCustomizer> (0x000000076b6c5918) thrown at [C:\workspace\8-2-build-windows-amd64-cygwin\jdk8u65\4987\hotspot\src\share\vm\classfile\systemDictionary.cpp, line 210]
Event: 34.717 Thread 0x000000002aad8000 Exception <a 'java/lang/ClassNotFoundException': com/technonet/model/SessionCustomizer> (0x000000076b6e5de0) thrown at [C:\workspace\8-2-build-windows-amd64-cygwin\jdk8u65\4987\hotspot\src\share\vm\classfile\systemDictionary.cpp, line 210]
Event: 34.755 Thread 0x000000002aae0800 Exception <a 'java/lang/ClassNotFoundException': java/lang/ObjectCustomizer> (0x000000076b937f98) thrown at [C:\workspace\8-2-build-windows-amd64-cygwin\jdk8u65\4987\hotspot\src\share\vm\classfile\systemDictionary.cpp, line 210]
Event: 34.756 Thread 0x000000002aae0800 Exception <a 'java/lang/ClassNotFoundException': org/springframework/social/connect/mem/InMemoryConnectionRepositoryCustomizer> (0x000000076b967030) thrown at [C:\workspace\8-2-build-windows-amd64-cygwin\jdk8u65\4987\hotspot\src\share\vm\classfile\systemDi°œÊ“Ò`A@
Event: 34.757 Thread 0x000000002aae0800 Exception <a 'java/lang/ClassNotFoundException': org/springframework/social/connect/ConnectionRepositoryCustomizer> (0x000000076b9a4a20) thrown at [C:\workspace\8-2-build-windows-amd64-cygwin\jdk8u65\4987\hotspot\src\share\vm\classfile\systemDictionary.cpp˛úß£?@

Events (10 events):
Event: 34.758 Thread 0x000000002aae0800 DEOPT PACKING pc=0x0000000003c7842c sp=0x000000002e1dc080
Event: 34.758 Thread 0x000000002aae0800 DEOPT UNPACKING pc=0x000000000333787f sp=0x000000002e1dbe20 mode 1
Event: 34.758 Thread 0x000000002aae0800 DEOPT PACKING pc=0x0000000003fbfabc sp=0x000000002e1dc150
Event: 34.758 Thread 0x000000002aae0800 DEOPT UNPACKING pc=0x000000000333787f sp=0x000000002e1dbed8 mode 1
Event: 34.758 Executing VM operation: RevokeBias
Event: 34.759 Executing VM operation: RevokeBias done
Event: 34.759 Executing VM operation: RevokeBias
Event: 34.759 Executing VM operation: RevokeBias done
Event: 34.760 Executing VM operation: RevokeBias
Event: 34.760 Executing VM operation: RevokeBias done


Dynamic libraries:
0x00007ff601390000 - 0x00007ff6013c7000 	C:\Program Files\Java\jdk1.8.0_65\bin\java.exe
0x00007ffcb7510000 - 0x00007ffcb76e1000 	C:\WINDOWS\SYSTEM32\ntdll.dll
0x00007ffcb67e0000 - 0x00007ffcb688b000 	C:\WINDOWS\System32\KERNEL32.DLL
0x00007ffcb3d50000 - 0x00007ffcb3f6d000 	C:\WINDOWS\System32\KERNELBASE.dll
0x00007ffcb6ba0000 - 0x00007ffcb6c42000 	C:\WINDOWS\System32\ADVAPI32.dll
0x00007ffcb7040000 - 0x00007ffcb70de000 	C:\WINDOWS\System32\msvcrt.dll
0x00007ffcb6cc0000 - 0x00007ffcb6d19000 	C:\WINDOWS\System32\sechost.dll
0x00007ffcb6d20000 - 0x00007ffcb6e41000 	C:\WINDOWS\System32\RPCRT4.dll
0x00007ffcb6a30000 - 0x00007ffcb6b95000 	C:\WINDOWS\System32\USER32.dll
0x00007ffcb3c40000 - 0x00007ffcb3c5e000 	C:\WINDOWS\System32\win32u.dll
0x00007ffcb67a0000 - 0x00007ffcb67d4000 	C:\WINDOWS\System32\GDI32.dll
0x00007ffcb3ab0000 - 0x00007ffcb3c32000 	C:\WINDOWS\System32\gdi32full.dll
0x00007ffca62b0000 - 0x00007ffca652a000 	C:\WINDOWS\WinSxS\amd64_microsoft.windows.common-controls_6595b64144ccf1df_6.0.14393.726_none_42181c01c683592f\COMCTL32.dll
0x00007ffcb63b0000 - 0x00007ffcb6678000 	C:\WINDOWS\System32\combase.dll
0x00007ffcb47d0000 - 0x00007ffcb48c5000 	C:\WINDOWS\System32\ucrtbase.dll
0x00007ffcb4700000 - 0x00007ffcb476a000 	C:\WINDOWS\System32\bcryptPrimitives.dll
0x00007ffcb6320000 - 0x00007ffcb634e000 	C:\WINDOWS\System32\IMM32.DLL
0x0000000065880000 - 0x0000000065952000 	C:\Program Files\Java\jdk1.8.0_65\jre\bin\msvcr100.dll
0x0000000065aa0000 - 0x0000000066329000 	C:\Program Files\Java\jdk1.8.0_65\jre\bin\server\jvm.dll
0x00007ffcb6790000 - 0x00007ffcb6798000 	C:\WINDOWS\System32\PSAPI.DLL
0x00007ffca5f40000 - 0x00007ffca5f49000 	C:\WINDOWS\SYSTEM32\WSOCK32.dll
0x00007ffcb1ec0000 - 0x00007ffcb1eca000 	C:\WINDOWS\SYSTEM32\VERSION.dll
0x00007ffcb6c50000 - 0x00007ffcb6cba000 	C:\WINDOWS\System32\WS2_32.dll
0x00007ffcb1a00000 - 0x00007ffcb1a23000 	C:\WINDOWS\SYSTEM32\WINMM.dll
0x0000000002ea0000 - 0x0000000002ecb000 	C:\WINDOWS\SYSTEM32\WINMMBASE.dll
0x00007ffcb3c60000 - 0x00007ffcb3ca2000 	C:\WINDOWS\System32\cfgmgr32.dll
0x00000000678b0000 - 0x00000000678bf000 	C:\Program Files\Java\jdk1.8.0_65\jre\bin\verify.dll
0x0000000067880000 - 0x00000000678a9000 	C:\Program Files\Java\jdk1.8.0_65\jre\bin\java.dll
0x00000000656c0000 - 0x00000000656f5000 	C:\Program Files\Java\jdk1.8.0_65\jre\bin\jdwp.dll
0x00000000656b0000 - 0x00000000656b8000 	C:\Program Files\Java\jdk1.8.0_65\jre\bin\npt.dll
0x0000000065700000 - 0x0000000065723000 	C:\Program Files\Java\jdk1.8.0_65\jre\bin\instrument.dll
0x00000000666c0000 - 0x00000000666d6000 	C:\Program Files\Java\jdk1.8.0_65\jre\bin\zip.dll
0x00007ffcb4d50000 - 0x00007ffcb6259000 	C:\WINDOWS\System32\SHELL32.dll
0x00007ffcb4020000 - 0x00007ffcb46fa000 	C:\WINDOWS\System32\windows.storage.dll
0x00007ffcb39b0000 - 0x00007ffcb39fc000 	C:\WINDOWS\System32\powrprof.dll
0x00007ffcb6e50000 - 0x00007ffcb6ea2000 	C:\WINDOWS\System32\shlwapi.dll
0x00007ffcb3970000 - 0x00007ffcb397f000 	C:\WINDOWS\System32\kernel.appcore.dll
0x00007ffcb3a00000 - 0x00007ffcb3aa9000 	C:\WINDOWS\System32\shcore.dll
0x00007ffcb3990000 - 0x00007ffcb39a4000 	C:\WINDOWS\System32\profapi.dll
0x00000000656a0000 - 0x00000000656a9000 	C:\Program Files\Java\jdk1.8.0_65\jre\bin\dt_socket.dll
0x00007ffcb2f40000 - 0x00007ffcb2f9c000 	C:\WINDOWS\system32\mswsock.dll
0x0000000067870000 - 0x000000006787d000 	C:\Program Files\Java\jdk1.8.0_65\jre\bin\management.dll
0x00000000666a0000 - 0x00000000666ba000 	C:\Program Files\Java\jdk1.8.0_65\jre\bin\net.dll
0x00007ffca38e0000 - 0x00007ffca38f6000 	C:\WINDOWS\system32\napinsp.dll
0x00007ffca38c0000 - 0x00007ffca38da000 	C:\WINDOWS\system32\pnrpnsp.dll
0x00007ffcb1750000 - 0x00007ffcb1768000 	C:\WINDOWS\system32\NLAapi.dll
0x00007ffcb2d10000 - 0x00007ffcb2db0000 	C:\WINDOWS\SYSTEM32\DNSAPI.dll
0x00007ffcb4be0000 - 0x00007ffcb4be8000 	C:\WINDOWS\System32\NSI.dll
0x00007ffcb2cd0000 - 0x00007ffcb2d08000 	C:\WINDOWS\SYSTEM32\IPHLPAPI.DLL
0x00007ffca3290000 - 0x00007ffca329e000 	C:\WINDOWS\System32\winrnr.dll
0x0000000067b70000 - 0x0000000067b96000 	C:\Program Files\Bonjour\mdnsNSP.dll
0x00007ffcb35a0000 - 0x00007ffcb35aa000 	C:\Windows\System32\rasadhlp.dll
0x00007ffcaf4e0000 - 0x00007ffcaf54a000 	C:\WINDOWS\System32\fwpuclnt.dll
0x00007ffcb38b0000 - 0x00007ffcb38db000 	C:\WINDOWS\SYSTEM32\bcrypt.dll
0x0000000066680000 - 0x0000000066691000 	C:\Program Files\Java\jdk1.8.0_65\jre\bin\nio.dll
0x00007ffcb3520000 - 0x00007ffcb3537000 	C:\WINDOWS\SYSTEM32\CRYPTSP.dll
0x00007ffcb2b60000 - 0x00007ffcb2b93000 	C:\WINDOWS\system32\rsaenh.dll
0x00007ffcb2dc0000 - 0x00007ffcb2ddf000 	C:\WINDOWS\SYSTEM32\USERENV.dll
0x00007ffcb30e0000 - 0x00007ffcb30eb000 	C:\WINDOWS\SYSTEM32\CRYPTBASE.dll
0x00007ffcaed00000 - 0x00007ffcaed16000 	C:\WINDOWS\SYSTEM32\dhcpcsvc6.DLL
0x00007ffcaec90000 - 0x00007ffcaecaa000 	C:\WINDOWS\SYSTEM32\dhcpcsvc.DLL

VM Arguments:
jvm_args: -agentlib:jdwp=transport=dt_socket,address=127.0.0.1:63369,suspend=y,server=n -Dspring.output.ansi.enabled=always -javaagent:C:\Users\kakha\.IntelliJIdea2016.3\system\groovyHotSwap\gragent.jar -Dfile.encoding=UTF-8 
java_command: com.technonet.TeacherportalwebApplication
java_class_path (initial): C:\Program Files\Java\jdk1.8.0_65\jre\lib\charsets.jar;C:\Program Files\Java\jdk1.8.0_65\jre\lib\deploy.jar;C:\Program Files\Java\jdk1.8.0_65\jre\lib\ext\access-bridge-64.jar;C:\Program Files\Java\jdk1.8.0_65\jre\lib\ext\cldrdata.jar;C:\Program Files\Java\jdk1.8.0_65\jre\lib\ext\dnsns.jar;C:\Program Files\Java\jdk1.8.0_65\jre\lib\ext\jaccess.jar;C:\Program Files\Java\jdk1.8.0_65\jre\lib\ext\jfxrt.jar;C:\Program Files\Java\jdk1.8.0_65\jre\lib\ext\localedata.jar;C:\Program Files\Java\jdk1.8.0_65\jre\lib\ext\nashorn.jar;C:\Program Files\Java\jdk1.8.0_65\jre\lib\ext\sunec.jar;C:\Program Files\Java\jdk1.8.0_65\jre\lib\ext\sunjce_provider.jar;C:\Program Files\Java\jdk1.8.0_65\jre\lib\ext\sunmscapi.jar;C:\Program Files\Java\jdk1.8.0_65\jre\lib\ext\sunpkcs11.jar;C:\Program Files\Java\jdk1.8.0_65\jre\lib\ext\zipfs.jar;C:\Program Files\Java\jdk1.8.0_65\jre\lib\javaws.jar;C:\Program Files\Java\jdk1.8.0_65\jre\lib\jce.jar;C:\Program Files\Java\jdk1.8.0_65\jre\lib\jfr.jar;C:\Program Files\Java\jdk1.8.0_65\jre\lib\jfxswt.jar;C:\Program Files\Java\jdk1.8.0_65\jre\lib\jsse.jar;C:\Program Files\Java\jdk1.8.0_65\jre\lib\management-agent.jar;C:\Program Files\Java\jdk1.8.0_65\jre\lib\plugin.jar;C:\Program Files\Java\jdk1.8.0_65\jre\lib\resources.jar;C:\Program Files\Java\jdk1.8.0_65\jre\lib\rt.jar;C:\Code\teacherportalweb\build\classes\main;C:\Code\teacherportalweb\build\resources\main;C:\Users\kakha\.gradle\caches\modules-2\files-2.1\org.springframework.boot\spring-boot-starter-cache\2.0.0.BUILD-SNAPSHOT\198b1e0daf1ea10485ff439764733ca6f66ef42c\spring-boot-starter-cache-2.0.0.BUILD-SNAPSHOT.jar;C:\Users\kakha\.gradle\caches\modules-2\files-2.1\org.springframework.boot\spring-boot-starter-data-jpa\2.0.0.BUILD-SNAPSHOT\3a6157ba09a44ca73c015fb0c5d5cdff3cdaa875\spring-boot-starter-data-jpa-2.0.0.BUILD-SNAPSHOT.jar;C:\Users\kakha\.gradle\caches\modules-2\files-2.1\org.springframework.boot\spring-boot-starter-jdbc\2.0.0.BUILD-SNAPSHOT\43e0168d3ae5587ebc1e00e83d8
Launcher Type: SUN_STANDARD

Environment Variables:
JAVA_HOME=C:\Program Files\Java\jdk1.8.0_65
PATH=C:\ProgramData\Oracle\Java\javapath;C:\Windows\system32;C:\Windows;C:\Windows\System32\Wbem;C:\Windows\System32\WindowsPowerShell\v1.0\;C:\Program Files\Java\jdk1.8.0_65;C:\Program Files (x86)\GtkSharp\2.12\bin;C:\Program Files\Microsoft\Web Platform Installer\;C:\Program Files (x86)\Microsoft ASP.NET\ASP.NET Web Pages\v1.0\;C:\Program Files\Microsoft SQL Server\110\Tools\Binn\;C:\Program Files\Microsoft SQL Server\120\Tools\Binn\;C:\Program Files (x86)\Windows Kits\10\Windows Performance Toolkit\;C:\Users\kakha\AppData\Local\Programs\Git\cmd;C:\Program Files (x86)\MySQL\MySQL Fabric 1.5 & MySQL Utilities 1.5\;C:\Program Files (x86)\MySQL\MySQL Fabric 1.5 & MySQL Utilities 1.5\Doctrine extensions for PHP\;C:\Program Files (x86)\nodejs\;C:\WINDOWS\system32;C:\WINDOWS;C:\WINDOWS\System32\Wbem;C:\WINDOWS\System32\WindowsPowerShell\v1.0\;C:\Program Files (x86)\Microsoft SQL Server\Client SDK\ODBC\130\Tools\Binn\;C:\Program Files (x86)\Microsoft SQL Server\130\Tools\Binn\;C:\Program Files (x86)\Microsoft SQL Server\130\DTS\Binn\;C:\Program Files (x86)\Microsoft SQL Server\130\Tools\Binn\ManagementStudio\;C:\ant\bin;C:\Users\kakha\.dnx\bin;C:\Program Files (x86)\Microsoft VS Code\bin;C:\Users\kakha\AppData\Roaming\npm;%USERPROFILE%\AppData\Local\Microsoft\WindowsApps;
USERNAME=kakha
OS=Windows_NT
PROCESSOR_IDENTIFIER=Intel64 Family 6 Model 58 Stepping 9, GenuineIntel



---------------  S Y S T E M  ---------------

OS: Windows 10.0 , 64 bit Build 14393 (10.0.14393.0)

CPU:total 8 (4 cores per cpu, 2 threads per core) family 6 model 58 stepping 9, cmov, cx8, fxsr, mmx, sse, sse2, sse3, ssse3, sse4.1, sse4.2, popcnt, avx, aes, clmul, erms, ht, tsc, tscinvbit, tscinv

Memory: 4k page, physical 16733600k(5505220k free), swap 27517596k(4484k free)

vm_info: Java HotSpot(TM) 64-Bit Server VM (25.65-b01) for windows-amd64 JRE (1.8.0_65-b17), built on Oct  6 2015 16:39:20 by "java_re" with MS VC++ 10.0 (VS2010)

time: Mon Mar 20 18:46:15 2017
elapsed time: 35 seconds (0d 0h 0m 35s)

