#
# There is insufficient memory for the Java Runtime Environment to continue.
# Native memory allocation (malloc) failed to allocate 879024 bytes for Chunk::new
# Possible reasons:
#   The system is out of physical RAM or swap space
#   In 32 bit mode, the process size limit was hit
# Possible solutions:
#   Reduce memory load on the system
#   Increase physical memory or swap space
#   Check if swap backing store is full
#   Use 64 bit Java on a 64 bit OS
#   Decrease Java heap size (-Xmx/-Xms)
#   Decrease number of Java threads
#   Decrease Java thread stack sizes (-Xss)
#   Set larger code cache with -XX:ReservedCodeCacheSize=
# This output file may be truncated or incomplete.
#
#  Out of Memory Error (allocation.cpp:390), pid=22736, tid=27180
#
# JRE version: Java(TM) SE Runtime Environment (8.0_65-b17) (build 1.8.0_65-b17)
# Java VM: Java HotSpot(TM) 64-Bit Server VM (25.65-b01 mixed mode windows-amd64 compressed oops)
# Failed to write core dump. Minidumps are not enabled by default on client versions of Windows
#

---------------  T H R E A D  ---------------

Current thread (0x000000001f61c000):  JavaThread "C2 CompilerThread0" daemon [_thread_in_native, id=27180, stack(0x000000001fc40000,0x000000001fd40000)]

Stack: [0x000000001fc40000,0x000000001fd40000]
[error occurred during error reporting (printing stack bounds), id 0xc0000005]

Native frames: (J=compiled Java code, j=interpreted, Vv=VM code, C=native code)


Current CompileTask:
C2: 235375 7633       4       org.springframework.web.servlet.mvc.method.RequestMappingInfoHandlerMapping::getMatchingMapping (10 bytes)


---------------  P R O C E S S  ---------------

Java Threads: ( => current thread )
  0x000000002287c800 JavaThread "Keep-Alive-Timer" daemon [_thread_blocked, id=17412, stack(0x00000000318c0000,0x00000000319c0000)]
  0x0000000022881800 JavaThread "http-nio-8081-exec-10" daemon [_thread_blocked, id=20316, stack(0x000000002f380000,0x000000002f480000)]
  0x000000002287e000 JavaThread "http-nio-8081-exec-9" daemon [_thread_blocked, id=16872, stack(0x000000002f280000,0x000000002f380000)]
  0x000000002287a000 JavaThread "http-nio-8081-exec-8" daemon [_thread_in_Java, id=23172, stack(0x000000002f180000,0x000000002f280000)]
  0x000000002287f800 JavaThread "http-nio-8081-exec-7" daemon [_thread_blocked, id=22416, stack(0x000000002f080000,0x000000002f180000)]
  0x000000002287e800 JavaThread "http-nio-8081-exec-6" daemon [_thread_blocked, id=3668, stack(0x000000002ef80000,0x000000002f080000)]
  0x0000000022880000 JavaThread "http-nio-8081-exec-5" daemon [_thread_blocked, id=23292, stack(0x000000002ee80000,0x000000002ef80000)]
  0x0000000022881000 JavaThread "http-nio-8081-exec-4" daemon [_thread_blocked, id=25884, stack(0x000000002ed80000,0x000000002ee80000)]
  0x0000000022c50000 JavaThread "http-nio-8081-exec-3" daemon [_thread_blocked, id=21456, stack(0x000000002ea80000,0x000000002eb80000)]
  0x0000000022c4f000 JavaThread "http-nio-8081-exec-2" daemon [_thread_blocked, id=2176, stack(0x000000002c6a0000,0x000000002c7a0000)]
  0x0000000022c52000 JavaThread "http-nio-8081-exec-1" daemon [_thread_in_Java, id=16328, stack(0x000000002c100000,0x000000002c200000)]
  0x0000000022c4e800 JavaThread "DestroyJavaVM" [_thread_blocked, id=14992, stack(0x0000000002cc0000,0x0000000002dc0000)]
  0x0000000022c50800 JavaThread "http-nio-8081-AsyncTimeout" daemon [_thread_blocked, id=6840, stack(0x000000002c000000,0x000000002c100000)]
  0x0000000022c4d800 JavaThread "http-nio-8081-Acceptor-0" daemon [_thread_in_native, id=18728, stack(0x000000002bf00000,0x000000002c000000)]
  0x0000000022c53800 JavaThread "http-nio-8081-ClientPoller-1" daemon [_thread_in_native, id=19940, stack(0x000000002be00000,0x000000002bf00000)]
  0x0000000022c4d000 JavaThread "http-nio-8081-ClientPoller-0" daemon [_thread_in_native, id=6888, stack(0x000000002bd00000,0x000000002be00000)]
  0x0000000022c53000 JavaThread "NioBlockingSelector.BlockPoller-1" daemon [_thread_in_native, id=27112, stack(0x0000000028bf0000,0x0000000028cf0000)]
  0x0000000020f57000 JavaThread "Abandoned connection cleanup thread" daemon [_thread_blocked, id=27712, stack(0x0000000028af0000,0x0000000028bf0000)]
  0x0000000029b07000 JavaThread "Tomcat JDBC Pool Cleaner[349885916:1490020538980]" daemon [_thread_blocked, id=20396, stack(0x0000000027980000,0x0000000027a80000)]
  0x00000000283f1800 JavaThread "container-0" [_thread_blocked, id=27744, stack(0x0000000026150000,0x0000000026250000)]
  0x0000000022b40800 JavaThread "ContainerBackgroundProcessor[StandardEngine[Tomcat]]" daemon [_thread_blocked, id=12316, stack(0x0000000026050000,0x0000000026150000)]
  0x000000001f63b000 JavaThread "Service Thread" daemon [_thread_blocked, id=22620, stack(0x0000000020040000,0x0000000020140000)]
  0x000000001f620800 JavaThread "C1 CompilerThread3" daemon [_thread_blocked, id=23632, stack(0x000000001ff40000,0x0000000020040000)]
  0x000000001f61f800 JavaThread "C2 CompilerThread2" daemon [_thread_in_native, id=21856, stack(0x000000001fe40000,0x000000001ff40000)]
  0x000000001f61f000 JavaThread "C2 CompilerThread1" daemon [_thread_in_native, id=28560, stack(0x000000001fd40000,0x000000001fe40000)]
=>0x000000001f61c000 JavaThread "C2 CompilerThread0" daemon [_thread_in_native, id=27180, stack(0x000000001fc40000,0x000000001fd40000)]
  0x000000001eb90000 JavaThread "JDWP Command Reader" daemon [_thread_in_native, id=23128, stack(0x000000001f340000,0x000000001f440000)]
  0x000000001eb8d000 JavaThread "JDWP Event Helper Thread" daemon [_thread_blocked, id=13212, stack(0x000000001f240000,0x000000001f340000)]
  0x000000001eb80800 JavaThread "JDWP Transport Listener: dt_socket" daemon [_thread_blocked, id=24144, stack(0x000000001f140000,0x000000001f240000)]
  0x000000001eb71800 JavaThread "Attach Listener" daemon [_thread_blocked, id=21924, stack(0x000000001f040000,0x000000001f140000)]
  0x000000001eb70800 JavaThread "Signal Dispatcher" daemon [_thread_blocked, id=16552, stack(0x000000001ef40000,0x000000001f040000)]
  0x000000001ca83800 JavaThread "Finalizer" daemon [_thread_blocked, id=9724, stack(0x000000001e950000,0x000000001ea50000)]
  0x000000001ca7c800 JavaThread "Reference Handler" daemon [_thread_blocked, id=22052, stack(0x000000001e850000,0x000000001e950000)]

Other Threads:
  0x000000001ca78800 VMThread [stack: 0x000000001e750000,0x000000001e850000] [id=26920]
  0x000000001f784800 WatcherThread [stack: 0x0000000020140000,0x0000000020240000] [id=29324]

VM state:not at safepoint (normal execution)

VM Mutex/Monitor currently owned by a thread: None

Heap:
 PSYoungGen      total 378880K, used 145938K [0x000000076ae00000, 0x0000000786e80000, 0x00000007c0000000)
  eden space 359424K, 40% used [0x000000076ae00000,0x0000000773c84b00,0x0000000780d00000)
  from space 19456K, 0% used [0x0000000780d00000,0x0000000780d00000,0x0000000782000000)
  to   space 22528K, 0% used [0x0000000785880000,0x0000000785880000,0x0000000786e80000)
 ParOldGen       total 192512K, used 35752K [0x00000006c0a00000, 0x00000006cc600000, 0x000000076ae00000)
  object space 192512K, 18% used [0x00000006c0a00000,0x00000006c2cea340,0x00000006cc600000)
 Metaspace       used 62903K, capacity 63704K, committed 63920K, reserved 1105920K
  class space    used 7861K, capacity 8050K, committed 8112K, reserved 1048576K

Card table byte_map: [0x0000000012380000,0x0000000012b80000] byte_map_base: 0x000000000ed7b000

Marking Bits: (ParMarkBitMap*) 0x00000000662aa5b0
 Begin Bits: [0x00000000138e0000, 0x00000000178b8000)
 End Bits:   [0x00000000178b8000, 0x000000001b890000)

Polling page: 0x0000000001250000

CodeCache: size=245760Kb used=23946Kb max_used=23962Kb free=221813Kb
 bounds [0x0000000002fc0000, 0x0000000004750000, 0x0000000011fc0000]
 total_blobs=7197 nmethods=6604 adapters=513
 compilation: enabled

Compilation events (10 events):
Event: 235.315 Thread 0x000000001f620800 nmethod 7809 0x0000000004739d90 code [0x0000000004739ee0, 0x000000000473a050]
Event: 235.315 Thread 0x000000001f620800 7807       3       java.util.concurrent.ThreadPoolExecutor::isRunning (10 bytes)
Event: 235.315 Thread 0x000000001f620800 nmethod 7807 0x000000000473a0d0 code [0x000000000473a220, 0x000000000473a3b0]
Event: 235.315 Thread 0x000000001f620800 7808   !   3       java.util.concurrent.ThreadPoolExecutor::getPoolSize (49 bytes)
Event: 235.316 Thread 0x000000001f620800 nmethod 7808 0x000000000473a410 code [0x000000000473a5e0, 0x000000000473afc8]
Event: 235.316 Thread 0x000000001f620800 7811   !   3       org.springframework.web.context.request.ServletWebRequest::parseDateHeader (61 bytes)
Event: 235.317 Thread 0x000000001f620800 nmethod 7811 0x000000000473b3d0 code [0x000000000473b580, 0x000000000473bdc8]
Event: 235.317 Thread 0x000000001f620800 7812       3       org.apache.catalina.connector.RequestFacade::getDateHeader (32 bytes)
Event: 235.317 Thread 0x000000001f620800 nmethod 7812 0x000000000473c0d0 code [0x000000000473c260, 0x000000000473c568]
Event: 235.317 Thread 0x000000001f620800 7813       3       org.apache.catalina.connector.Request::getDateHeader (42 bytes)

GC Heap History (10 events):
Event: 4.465 GC heap before
{Heap before GC invocations=8 (full 1):
 PSYoungGen      total 231936K, used 126338K [0x000000076ae00000, 0x000000077a500000, 0x00000007c0000000)
  eden space 222208K, 52% used [0x000000076ae00000,0x0000000772013e08,0x0000000778700000)
  from space 9728K, 97% used [0x0000000779b80000,0x000000077a4ccd80,0x000000077a500000)
  to   space 14336K, 0% used [0x0000000778900000,0x0000000778900000,0x0000000779700000)
 ParOldGen       total 92160K, used 9869K [0x00000006c0a00000, 0x00000006c6400000, 0x000000076ae00000)
  object space 92160K, 10% used [0x00000006c0a00000,0x00000006c13a35e0,0x00000006c6400000)
 Metaspace       used 34831K, capacity 35198K, committed 35496K, reserved 1081344K
  class space    used 4204K, capacity 4314K, committed 4400K, reserved 1048576K
Event: 4.475 GC heap after
Heap after GC invocations=8 (full 1):
 PSYoungGen      total 238592K, used 13550K [0x000000076ae00000, 0x0000000783300000, 0x00000007c0000000)
  eden space 224256K, 0% used [0x000000076ae00000,0x000000076ae00000,0x0000000778900000)
  from space 14336K, 94% used [0x0000000778900000,0x000000077963bbc8,0x0000000779700000)
  to   space 15360K, 0% used [0x0000000782400000,0x0000000782400000,0x0000000783300000)
 ParOldGen       total 92160K, used 9877K [0x00000006c0a00000, 0x00000006c6400000, 0x000000076ae00000)
  object space 92160K, 10% used [0x00000006c0a00000,0x00000006c13a55e0,0x00000006c6400000)
 Metaspace       used 34831K, capacity 35198K, committed 35496K, reserved 1081344K
  class space    used 4204K, capacity 4314K, committed 4400K, reserved 1048576K
}
Event: 4.475 GC heap before
{Heap before GC invocations=9 (full 2):
 PSYoungGen      total 238592K, used 13550K [0x000000076ae00000, 0x0000000783300000, 0x00000007c0000000)
  eden space 224256K, 0% used [0x000000076ae00000,0x000000076ae00000,0x0000000778900000)
  from space 14336K, 94% used [0x0000000778900000,0x000000077963bbc8,0x0000000779700000)
  to   space 15360K, 0% used [0x0000000782400000,0x0000000782400000,0x0000000783300000)
 ParOldGen       total 92160K, used 9877K [0x00000006c0a00000, 0x00000006c6400000, 0x000000076ae00000)
  object space 92160K, 10% used [0x00000006c0a00000,0x00000006c13a55e0,0x00000006c6400000)
 Metaspace       used 34831K, capacity 35198K, committed 35496K, reserved 1081344K
  class space    used 4204K, capacity 4314K, committed 4400K, reserved 1048576K
Event: 4.563 GC heap after
Heap after GC invocations=9 (full 2):
 PSYoungGen      total 238592K, used 0K [0x000000076ae00000, 0x0000000783300000, 0x00000007c0000000)
  eden space 224256K, 0% used [0x000000076ae00000,0x000000076ae00000,0x0000000778900000)
  from space 14336K, 0% used [0x0000000778900000,0x0000000778900000,0x0000000779700000)
  to   space 15360K, 0% used [0x0000000782400000,0x0000000782400000,0x0000000783300000)
 ParOldGen       total 142336K, used 22477K [0x00000006c0a00000, 0x00000006c9500000, 0x000000076ae00000)
  object space 142336K, 15% used [0x00000006c0a00000,0x00000006c1ff36b0,0x00000006c9500000)
 Metaspace       used 34831K, capacity 35198K, committed 35496K, reserved 1081344K
  class space    used 4204K, capacity 4314K, committed 4400K, reserved 1048576K
}
Event: 6.640 GC heap before
{Heap before GC invocations=10 (full 2):
 PSYoungGen      total 238592K, used 224256K [0x000000076ae00000, 0x0000000783300000, 0x00000007c0000000)
  eden space 224256K, 100% used [0x000000076ae00000,0x0000000778900000,0x0000000778900000)
  from space 14336K, 0% used [0x0000000778900000,0x0000000778900000,0x0000000779700000)
  to   space 15360K, 0% used [0x0000000782400000,0x0000000782400000,0x0000000783300000)
 ParOldGen       total 142336K, used 22477K [0x00000006c0a00000, 0x00000006c9500000, 0x000000076ae00000)
  object space 142336K, 15% used [0x00000006c0a00000,0x00000006c1ff36b0,0x00000006c9500000)
 Metaspace       used 49802K, capacity 50434K, committed 50864K, reserved 1093632K
  class space    used 6308K, capacity 6464K, committed 6576K, reserved 1048576K
Event: 6.654 GC heap after
Heap after GC invocations=10 (full 2):
 PSYoungGen      total 347648K, used 15356K [0x000000076ae00000, 0x0000000783300000, 0x00000007c0000000)
  eden space 332288K, 0% used [0x000000076ae00000,0x000000076ae00000,0x000000077f280000)
  from space 15360K, 99% used [0x0000000782400000,0x00000007832ff208,0x0000000783300000)
  to   space 19456K, 0% used [0x0000000780d00000,0x0000000780d00000,0x0000000782000000)
 ParOldGen       total 142336K, used 27224K [0x00000006c0a00000, 0x00000006c9500000, 0x000000076ae00000)
  object space 142336K, 19% used [0x00000006c0a00000,0x00000006c2496290,0x00000006c9500000)
 Metaspace       used 49802K, capacity 50434K, committed 50864K, reserved 1093632K
  class space    used 6308K, capacity 6464K, committed 6576K, reserved 1048576K
}
Event: 208.753 GC heap before
{Heap before GC invocations=11 (full 2):
 PSYoungGen      total 347648K, used 271271K [0x000000076ae00000, 0x0000000783300000, 0x00000007c0000000)
  eden space 332288K, 77% used [0x000000076ae00000,0x000000077a7eadb8,0x000000077f280000)
  from space 15360K, 99% used [0x0000000782400000,0x00000007832ff208,0x0000000783300000)
  to   space 19456K, 0% used [0x0000000780d00000,0x0000000780d00000,0x0000000782000000)
 ParOldGen       total 142336K, used 27224K [0x00000006c0a00000, 0x00000006c9500000, 0x000000076ae00000)
  object space 142336K, 19% used [0x00000006c0a00000,0x00000006c2496290,0x00000006c9500000)
 Metaspace       used 58203K, capacity 58996K, committed 59160K, reserved 1101824K
  class space    used 7332K, capacity 7544K, committed 7600K, reserved 1048576K
Event: 208.767 GC heap after
Heap after GC invocations=11 (full 2):
 PSYoungGen      total 378880K, used 19425K [0x000000076ae00000, 0x0000000786e80000, 0x00000007c0000000)
  eden space 359424K, 0% used [0x000000076ae00000,0x000000076ae00000,0x0000000780d00000)
  from space 19456K, 99% used [0x0000000780d00000,0x0000000781ff8520,0x0000000782000000)
  to   space 22528K, 0% used [0x0000000785880000,0x0000000785880000,0x0000000786e80000)
 ParOldGen       total 142336K, used 29224K [0x00000006c0a00000, 0x00000006c9500000, 0x000000076ae00000)
  object space 142336K, 20% used [0x00000006c0a00000,0x00000006c268a128,0x00000006c9500000)
 Metaspace       used 58203K, capacity 58996K, committed 59160K, reserved 1101824K
  class space    used 7332K, capacity 7544K, committed 7600K, reserved 1048576K
}
Event: 208.767 GC heap before
{Heap before GC invocations=12 (full 3):
 PSYoungGen      total 378880K, used 19425K [0x000000076ae00000, 0x0000000786e80000, 0x00000007c0000000)
  eden space 359424K, 0% used [0x000000076ae00000,0x000000076ae00000,0x0000000780d00000)
  from space 19456K, 99% used [0x0000000780d00000,0x0000000781ff8520,0x0000000782000000)
  to   space 22528K, 0% used [0x0000000785880000,0x0000000785880000,0x0000000786e80000)
 ParOldGen       total 142336K, used 29224K [0x00000006c0a00000, 0x00000006c9500000, 0x000000076ae00000)
  object space 142336K, 20% used [0x00000006c0a00000,0x00000006c268a128,0x00000006c9500000)
 Metaspace       used 58203K, capacity 58996K, committed 59160K, reserved 1101824K
  class space    used 7332K, capacity 7544K, committed 7600K, reserved 1048576K
Event: 208.901 GC heap after
Heap after GC invocations=12 (full 3):
 PSYoungGen      total 378880K, used 0K [0x000000076ae00000, 0x0000000786e80000, 0x00000007c0000000)
  eden space 359424K, 0% used [0x000000076ae00000,0x000000076ae00000,0x0000000780d00000)
  from space 19456K, 0% used [0x0000000780d00000,0x0000000780d00000,0x0000000782000000)
  to   space 22528K, 0% used [0x0000000785880000,0x0000000785880000,0x0000000786e80000)
 ParOldGen       total 192512K, used 35752K [0x00000006c0a00000, 0x00000006cc600000, 0x000000076ae00000)
  object space 192512K, 18% used [0x00000006c0a00000,0x00000006c2cea340,0x00000006cc600000)
 Metaspace       used 58203K, capacity 58996K, committed 59160K, reserved 1101824K
  class space    used 7332K, capacity 7544K, committed 7600K, reserved 1048576K
}

Deoptimization events (10 events):
Event: 218.492 Thread 0x0000000022c4f000 Uncommon trap: reason=class_check action=maybe_recompile pc=0x0000000003e505e8 method=org.springframework.web.util.UrlPathHelper.getContextPath(Ljavax/servlet/http/HttpServletRequest;)Ljava/lang/String; @ 3
Event: 218.492 Thread 0x0000000022c4f000 Uncommon trap: reason=class_check action=maybe_recompile pc=0x0000000003e505e8 method=org.springframework.web.util.UrlPathHelper.getContextPath(Ljavax/servlet/http/HttpServletRequest;)Ljava/lang/String; @ 3
Event: 218.492 Thread 0x0000000022c4f000 Uncommon trap: reason=class_check action=maybe_recompile pc=0x00000000042e51ec method=org.springframework.web.util.UrlPathHelper.getServletPath(Ljavax/servlet/http/HttpServletRequest;)Ljava/lang/String; @ 3
Event: 218.492 Thread 0x0000000022c4f000 Uncommon trap: reason=class_check action=maybe_recompile pc=0x0000000003e505e8 method=org.springframework.web.util.UrlPathHelper.getContextPath(Ljavax/servlet/http/HttpServletRequest;)Ljava/lang/String; @ 3
Event: 218.492 Thread 0x0000000022c4f000 Uncommon trap: reason=class_check action=maybe_recompile pc=0x0000000003e59508 method=org.springframework.web.util.UrlPathHelper.getContextPath(Ljavax/servlet/http/HttpServletRequest;)Ljava/lang/String; @ 3
Event: 218.492 Thread 0x0000000022c4f000 Uncommon trap: reason=class_check action=maybe_recompile pc=0x00000000042e51ec method=org.springframework.web.util.UrlPathHelper.getServletPath(Ljavax/servlet/http/HttpServletRequest;)Ljava/lang/String; @ 3
Event: 218.492 Thread 0x0000000022c4f000 Uncommon trap: reason=class_check action=maybe_recompile pc=0x00000000042e51ec method=org.springframework.web.util.UrlPathHelper.getServletPath(Ljavax/servlet/http/HttpServletRequest;)Ljava/lang/String; @ 3
Event: 218.492 Thread 0x0000000022c4f000 Uncommon trap: reason=class_check action=maybe_recompile pc=0x00000000042edaf4 method=org.springframework.web.util.UrlPathHelper.getServletPath(Ljavax/servlet/http/HttpServletRequest;)Ljava/lang/String; @ 3
Event: 234.843 Thread 0x000000002287e800 Uncommon trap: reason=bimorphic action=maybe_recompile pc=0x0000000004154eac method=java.net.URL.<init>(Ljava/net/URL;Ljava/lang/String;Ljava/net/URLStreamHandler;)V @ 504
Event: 235.122 Thread 0x0000000022c52000 Uncommon trap: reason=class_check action=maybe_recompile pc=0x0000000004193c54 method=java.util.stream.ReferencePipeline$2$1.accept(Ljava/lang/Object;)V @ 21

Internal exceptions (10 events):
Event: 209.385 Thread 0x0000000022c50000 Exception <a 'java/lang/ClassNotFoundException': org/thymeleaf/spring5/view/AbstractThymeleafViewCustomizer> (0x000000076c1fb9e8) thrown at [C:\workspace\8-2-build-windows-amd64-cygwin\jdk8u65\4987\hotspot\src\share\vm\classfile\systemDictionary.cpp, line €¿…´X,j@
Event: 209.386 Thread 0x0000000022c50000 Exception <a 'java/lang/ClassNotFoundException': org/thymeleaf/spring5/view/ThymeleafViewCustomizer> (0x000000076c22b7b8) thrown at [C:\workspace\8-2-build-windows-amd64-cygwin\jdk8u65\4987\hotspot\src\share\vm\classfile\systemDictionary.cpp, line 210]
Event: 209.387 Thread 0x0000000022c50000 Exception <a 'java/lang/ClassNotFoundException': org/springframework/web/servlet/ViewCustomizer> (0x000000076c257108) thrown at [C:\workspace\8-2-build-windows-amd64-cygwin\jdk8u65\4987\hotspot\src\share\vm\classfile\systemDictionary.cpp, line 210]
Event: 209.388 Thread 0x0000000022c50000 Exception <a 'java/lang/ClassNotFoundException': org/springframework/beans/factory/BeanNameAwareCustomizer> (0x000000076c27d1a8) thrown at [C:\workspace\8-2-build-windows-amd64-cygwin\jdk8u65\4987\hotspot\src\share\vm\classfile\systemDictionary.cpp, line 2ˆwõÇo,j@
Event: 209.389 Thread 0x0000000022c50000 Exception <a 'java/lang/ClassNotFoundException': org/springframework/web/context/ServletContextAwareCustomizer> (0x000000076c2a3108) thrown at [C:\workspace\8-2-build-windows-amd64-cygwin\jdk8u65\4987\hotspot\src\share\vm\classfile\systemDictionary.cpp, liÚçÌ^u,j@
Event: 209.389 Thread 0x0000000022c50000 Exception <a 'java/lang/ClassNotFoundException': org/springframework/context/ApplicationContextAwareCustomizer> (0x000000076c2c9078) thrown at [C:\workspace\8-2-build-windows-amd64-cygwin\jdk8u65\4987\hotspot\src\share\vm\classfile\systemDictionary.cpp, li—	˘.F∑j@
Event: 213.727 Thread 0x000000002287a000 Exception <a 'java/lang/ClassNotFoundException': java/lang/ObjectCustomizer> (0x000000077195d0b8) thrown at [C:\workspace\8-2-build-windows-amd64-cygwin\jdk8u65\4987\hotspot\src\share\vm\classfile\systemDictionary.cpp, line 210]
Event: 213.728 Thread 0x000000002287a000 Exception <a 'java/lang/ClassNotFoundException': org/springframework/social/connect/mem/InMemoryConnectionRepositoryCustomizer> (0x000000077198c150) thrown at [C:\workspace\8-2-build-windows-amd64-cygwin\jdk8u65\4987\hotspot\src\share\vm\classfile\systemDi”V'öW∑j@
Event: 213.729 Thread 0x000000002287a000 Exception <a 'java/lang/ClassNotFoundException': org/springframework/social/connect/ConnectionRepositoryCustomizer> (0x00000007719c9b10) thrown at [C:\workspace\8-2-build-windows-amd64-cygwin\jdk8u65\4987\hotspot\src\share\vm\classfile\systemDictionary.cppÇ >kÖOk@
Event: 218.485 Thread 0x0000000022c4f000 Exception <a 'java/lang/reflect/InvocationTargetException'> (0x0000000771d4e558) thrown at [C:\workspace\8-2-build-windows-amd64-cygwin\jdk8u65\4987\hotspot\src\share\vm\runtime\reflection.cpp, line 1092]

Events (10 events):
Event: 235.101 Executing VM operation: RevokeBias
Event: 235.101 Executing VM operation: RevokeBias done
Event: 235.103 Thread 0x000000001f620800 flushing nmethod 0x00000000040431d0
Event: 235.122 Thread 0x0000000022c52000 Uncommon trap: trap_request=0xffffffde fr.pc=0x0000000004193c54
Event: 235.122 Thread 0x0000000022c52000 DEOPT PACKING pc=0x0000000004193c54 sp=0x000000002c1fcb70
Event: 235.122 Thread 0x0000000022c52000 DEOPT UNPACKING pc=0x000000000300582a sp=0x000000002c1fcb70 mode 2
Event: 235.207 Executing VM operation: RevokeBias
Event: 235.208 Executing VM operation: RevokeBias done
Event: 235.230 Thread 0x000000002287a000 DEOPT PACKING pc=0x000000000405753a sp=0x000000002f27d1a0
Event: 235.230 Thread 0x000000002287a000 DEOPT UNPACKING pc=0x000000000300787f sp=0x000000002f27cfa8 mode 0


Dynamic libraries:
0x00007ff601390000 - 0x00007ff6013c7000 	C:\Program Files\Java\jdk1.8.0_65\bin\java.exe
0x00007ffcb7510000 - 0x00007ffcb76e1000 	C:\WINDOWS\SYSTEM32\ntdll.dll
0x00007ffcb67e0000 - 0x00007ffcb688b000 	C:\WINDOWS\System32\KERNEL32.DLL
0x00007ffcb3d50000 - 0x00007ffcb3f6d000 	C:\WINDOWS\System32\KERNELBASE.dll
0x00007ffcb6ba0000 - 0x00007ffcb6c42000 	C:\WINDOWS\System32\ADVAPI32.dll
0x00007ffcb7040000 - 0x00007ffcb70de000 	C:\WINDOWS\System32\msvcrt.dll
0x00007ffcb6cc0000 - 0x00007ffcb6d19000 	C:\WINDOWS\System32\sechost.dll
0x00007ffcb6d20000 - 0x00007ffcb6e41000 	C:\WINDOWS\System32\RPCRT4.dll
0x00007ffcb6a30000 - 0x00007ffcb6b95000 	C:\WINDOWS\System32\USER32.dll
0x00007ffcb3c40000 - 0x00007ffcb3c5e000 	C:\WINDOWS\System32\win32u.dll
0x00007ffcb67a0000 - 0x00007ffcb67d4000 	C:\WINDOWS\System32\GDI32.dll
0x00007ffcb3ab0000 - 0x00007ffcb3c32000 	C:\WINDOWS\System32\gdi32full.dll
0x00007ffca62b0000 - 0x00007ffca652a000 	C:\WINDOWS\WinSxS\amd64_microsoft.windows.common-controls_6595b64144ccf1df_6.0.14393.726_none_42181c01c683592f\COMCTL32.dll
0x00007ffcb63b0000 - 0x00007ffcb6678000 	C:\WINDOWS\System32\combase.dll
0x00007ffcb47d0000 - 0x00007ffcb48c5000 	C:\WINDOWS\System32\ucrtbase.dll
0x00007ffcb4700000 - 0x00007ffcb476a000 	C:\WINDOWS\System32\bcryptPrimitives.dll
0x00007ffcb6320000 - 0x00007ffcb634e000 	C:\WINDOWS\System32\IMM32.DLL
0x0000000065880000 - 0x0000000065952000 	C:\Program Files\Java\jdk1.8.0_65\jre\bin\msvcr100.dll
0x0000000065aa0000 - 0x0000000066329000 	C:\Program Files\Java\jdk1.8.0_65\jre\bin\server\jvm.dll
0x00007ffcb6790000 - 0x00007ffcb6798000 	C:\WINDOWS\System32\PSAPI.DLL
0x00007ffca5f40000 - 0x00007ffca5f49000 	C:\WINDOWS\SYSTEM32\WSOCK32.dll
0x00007ffcb1ec0000 - 0x00007ffcb1eca000 	C:\WINDOWS\SYSTEM32\VERSION.dll
0x00007ffcb1a00000 - 0x00007ffcb1a23000 	C:\WINDOWS\SYSTEM32\WINMM.dll
0x00007ffcb6c50000 - 0x00007ffcb6cba000 	C:\WINDOWS\System32\WS2_32.dll
0x0000000001220000 - 0x000000000124b000 	C:\WINDOWS\SYSTEM32\WINMMBASE.dll
0x00007ffcb3c60000 - 0x00007ffcb3ca2000 	C:\WINDOWS\System32\cfgmgr32.dll
0x00000000678b0000 - 0x00000000678bf000 	C:\Program Files\Java\jdk1.8.0_65\jre\bin\verify.dll
0x0000000067880000 - 0x00000000678a9000 	C:\Program Files\Java\jdk1.8.0_65\jre\bin\java.dll
0x00000000656c0000 - 0x00000000656f5000 	C:\Program Files\Java\jdk1.8.0_65\jre\bin\jdwp.dll
0x00000000656b0000 - 0x00000000656b8000 	C:\Program Files\Java\jdk1.8.0_65\jre\bin\npt.dll
0x0000000065700000 - 0x0000000065723000 	C:\Program Files\Java\jdk1.8.0_65\jre\bin\instrument.dll
0x00000000666c0000 - 0x00000000666d6000 	C:\Program Files\Java\jdk1.8.0_65\jre\bin\zip.dll
0x00007ffcb4d50000 - 0x00007ffcb6259000 	C:\WINDOWS\System32\SHELL32.dll
0x00007ffcb4020000 - 0x00007ffcb46fa000 	C:\WINDOWS\System32\windows.storage.dll
0x00007ffcb39b0000 - 0x00007ffcb39fc000 	C:\WINDOWS\System32\powrprof.dll
0x00007ffcb6e50000 - 0x00007ffcb6ea2000 	C:\WINDOWS\System32\shlwapi.dll
0x00007ffcb3970000 - 0x00007ffcb397f000 	C:\WINDOWS\System32\kernel.appcore.dll
0x00007ffcb3a00000 - 0x00007ffcb3aa9000 	C:\WINDOWS\System32\shcore.dll
0x00007ffcb3990000 - 0x00007ffcb39a4000 	C:\WINDOWS\System32\profapi.dll
0x00000000656a0000 - 0x00000000656a9000 	C:\Program Files\Java\jdk1.8.0_65\jre\bin\dt_socket.dll
0x00007ffcb2f40000 - 0x00007ffcb2f9c000 	C:\WINDOWS\system32\mswsock.dll
0x0000000067870000 - 0x000000006787d000 	C:\Program Files\Java\jdk1.8.0_65\jre\bin\management.dll
0x00000000666a0000 - 0x00000000666ba000 	C:\Program Files\Java\jdk1.8.0_65\jre\bin\net.dll
0x00007ffca38e0000 - 0x00007ffca38f6000 	C:\WINDOWS\system32\napinsp.dll
0x00007ffca38c0000 - 0x00007ffca38da000 	C:\WINDOWS\system32\pnrpnsp.dll
0x00007ffcb1750000 - 0x00007ffcb1768000 	C:\WINDOWS\system32\NLAapi.dll
0x00007ffcb2d10000 - 0x00007ffcb2db0000 	C:\WINDOWS\SYSTEM32\DNSAPI.dll
0x00007ffcb4be0000 - 0x00007ffcb4be8000 	C:\WINDOWS\System32\NSI.dll
0x00007ffcb2cd0000 - 0x00007ffcb2d08000 	C:\WINDOWS\SYSTEM32\IPHLPAPI.DLL
0x00007ffca3290000 - 0x00007ffca329e000 	C:\WINDOWS\System32\winrnr.dll
0x0000000067b70000 - 0x0000000067b96000 	C:\Program Files\Bonjour\mdnsNSP.dll
0x00007ffcb35a0000 - 0x00007ffcb35aa000 	C:\Windows\System32\rasadhlp.dll
0x00007ffcaf4e0000 - 0x00007ffcaf54a000 	C:\WINDOWS\System32\fwpuclnt.dll
0x00007ffcb38b0000 - 0x00007ffcb38db000 	C:\WINDOWS\SYSTEM32\bcrypt.dll
0x0000000066680000 - 0x0000000066691000 	C:\Program Files\Java\jdk1.8.0_65\jre\bin\nio.dll
0x00007ffcb3520000 - 0x00007ffcb3537000 	C:\WINDOWS\SYSTEM32\CRYPTSP.dll
0x00007ffcb2b60000 - 0x00007ffcb2b93000 	C:\WINDOWS\system32\rsaenh.dll
0x00007ffcb2dc0000 - 0x00007ffcb2ddf000 	C:\WINDOWS\SYSTEM32\USERENV.dll
0x00007ffcb30e0000 - 0x00007ffcb30eb000 	C:\WINDOWS\SYSTEM32\CRYPTBASE.dll
0x00007ffcaed00000 - 0x00007ffcaed16000 	C:\WINDOWS\SYSTEM32\dhcpcsvc6.DLL
0x00007ffcaec90000 - 0x00007ffcaecaa000 	C:\WINDOWS\SYSTEM32\dhcpcsvc.DLL
0x0000000065980000 - 0x00000000659a4000 	C:\Program Files\Java\jdk1.8.0_65\jre\bin\sunec.dll

VM Arguments:
jvm_args: -agentlib:jdwp=transport=dt_socket,address=127.0.0.1:62838,suspend=y,server=n -Dspring.output.ansi.enabled=always -javaagent:C:\Users\kakha\.IntelliJIdea2016.3\system\groovyHotSwap\gragent.jar -Dfile.encoding=UTF-8 
java_command: com.technonet.TeacherportalwebApplication
java_class_path (initial): C:\Program Files\Java\jdk1.8.0_65\jre\lib\charsets.jar;C:\Program Files\Java\jdk1.8.0_65\jre\lib\deploy.jar;C:\Program Files\Java\jdk1.8.0_65\jre\lib\ext\access-bridge-64.jar;C:\Program Files\Java\jdk1.8.0_65\jre\lib\ext\cldrdata.jar;C:\Program Files\Java\jdk1.8.0_65\jre\lib\ext\dnsns.jar;C:\Program Files\Java\jdk1.8.0_65\jre\lib\ext\jaccess.jar;C:\Program Files\Java\jdk1.8.0_65\jre\lib\ext\jfxrt.jar;C:\Program Files\Java\jdk1.8.0_65\jre\lib\ext\localedata.jar;C:\Program Files\Java\jdk1.8.0_65\jre\lib\ext\nashorn.jar;C:\Program Files\Java\jdk1.8.0_65\jre\lib\ext\sunec.jar;C:\Program Files\Java\jdk1.8.0_65\jre\lib\ext\sunjce_provider.jar;C:\Program Files\Java\jdk1.8.0_65\jre\lib\ext\sunmscapi.jar;C:\Program Files\Java\jdk1.8.0_65\jre\lib\ext\sunpkcs11.jar;C:\Program Files\Java\jdk1.8.0_65\jre\lib\ext\zipfs.jar;C:\Program Files\Java\jdk1.8.0_65\jre\lib\javaws.jar;C:\Program Files\Java\jdk1.8.0_65\jre\lib\jce.jar;C:\Program Files\Java\jdk1.8.0_65\jre\lib\jfr.jar;C:\Program Files\Java\jdk1.8.0_65\jre\lib\jfxswt.jar;C:\Program Files\Java\jdk1.8.0_65\jre\lib\jsse.jar;C:\Program Files\Java\jdk1.8.0_65\jre\lib\management-agent.jar;C:\Program Files\Java\jdk1.8.0_65\jre\lib\plugin.jar;C:\Program Files\Java\jdk1.8.0_65\jre\lib\resources.jar;C:\Program Files\Java\jdk1.8.0_65\jre\lib\rt.jar;C:\Code\teacherportalweb\build\classes\main;C:\Code\teacherportalweb\build\resources\main;C:\Users\kakha\.gradle\caches\modules-2\files-2.1\org.springframework.boot\spring-boot-starter-cache\2.0.0.BUILD-SNAPSHOT\198b1e0daf1ea10485ff439764733ca6f66ef42c\spring-boot-starter-cache-2.0.0.BUILD-SNAPSHOT.jar;C:\Users\kakha\.gradle\caches\modules-2\files-2.1\org.springframework.boot\spring-boot-starter-data-jpa\2.0.0.BUILD-SNAPSHOT\3a6157ba09a44ca73c015fb0c5d5cdff3cdaa875\spring-boot-starter-data-jpa-2.0.0.BUILD-SNAPSHOT.jar;C:\Users\kakha\.gradle\caches\modules-2\files-2.1\org.springframework.boot\spring-boot-starter-jdbc\2.0.0.BUILD-SNAPSHOT\43e0168d3ae5587ebc1e00e83d8
Launcher Type: SUN_STANDARD

Environment Variables:
JAVA_HOME=C:\Program Files\Java\jdk1.8.0_65
PATH=C:\ProgramData\Oracle\Java\javapath;C:\Windows\system32;C:\Windows;C:\Windows\System32\Wbem;C:\Windows\System32\WindowsPowerShell\v1.0\;C:\Program Files\Java\jdk1.8.0_65;C:\Program Files (x86)\GtkSharp\2.12\bin;C:\Program Files\Microsoft\Web Platform Installer\;C:\Program Files (x86)\Microsoft ASP.NET\ASP.NET Web Pages\v1.0\;C:\Program Files\Microsoft SQL Server\110\Tools\Binn\;C:\Program Files\Microsoft SQL Server\120\Tools\Binn\;C:\Program Files (x86)\Windows Kits\10\Windows Performance Toolkit\;C:\Users\kakha\AppData\Local\Programs\Git\cmd;C:\Program Files (x86)\MySQL\MySQL Fabric 1.5 & MySQL Utilities 1.5\;C:\Program Files (x86)\MySQL\MySQL Fabric 1.5 & MySQL Utilities 1.5\Doctrine extensions for PHP\;C:\Program Files (x86)\nodejs\;C:\WINDOWS\system32;C:\WINDOWS;C:\WINDOWS\System32\Wbem;C:\WINDOWS\System32\WindowsPowerShell\v1.0\;C:\Program Files (x86)\Microsoft SQL Server\Client SDK\ODBC\130\Tools\Binn\;C:\Program Files (x86)\Microsoft SQL Server\130\Tools\Binn\;C:\Program Files (x86)\Microsoft SQL Server\130\DTS\Binn\;C:\Program Files (x86)\Microsoft SQL Server\130\Tools\Binn\ManagementStudio\;C:\ant\bin;C:\Users\kakha\.dnx\bin;C:\Program Files (x86)\Microsoft VS Code\bin;C:\Users\kakha\AppData\Roaming\npm;%USERPROFILE%\AppData\Local\Microsoft\WindowsApps;
USERNAME=kakha
OS=Windows_NT
PROCESSOR_IDENTIFIER=Intel64 Family 6 Model 58 Stepping 9, GenuineIntel



---------------  S Y S T E M  ---------------

OS: Windows 10.0 , 64 bit Build 14393 (10.0.14393.0)

CPU:total 8 (4 cores per cpu, 2 threads per core) family 6 model 58 stepping 9, cmov, cx8, fxsr, mmx, sse, sse2, sse3, ssse3, sse4.1, sse4.2, popcnt, avx, aes, clmul, erms, ht, tsc, tscinvbit, tscinv

Memory: 4k page, physical 16733600k(5826876k free), swap 27517596k(5148k free)

vm_info: Java HotSpot(TM) 64-Bit Server VM (25.65-b01) for windows-amd64 JRE (1.8.0_65-b17), built on Oct  6 2015 16:39:20 by "java_re" with MS VC++ 10.0 (VS2010)

time: Mon Mar 20 18:39:30 2017
elapsed time: 235 seconds (0d 0h 3m 55s)

